2026-02-07 07:45:10 [WARN] [Context.Multiplexer.Win] (aengine.context.multiplexer.win.cpp:541 bool __cdecl almondnamespace::core::MultiContextManager::Initialize(struct HINSTANCE__ *,int,int,int,int,int,int,bool)) - GLAD loaded on dummy context
2026-02-07 07:45:10 [WARN] [Context.Multiplexer.Win] (aengine.context.multiplexer.win.cpp:776 void __cdecl almondnamespace::core::MultiContextManager::Initialize::<lambda_1>::operator ()(enum almondnamespace::core::ContextType,int) const) - Deferring Raylib init to render thread. host=0x42105c
2026-02-07 07:45:10 [WARN] [Context.Multiplexer.Win] (aengine.context.multiplexer.win.cpp:785 void __cdecl almondnamespace::core::MultiContextManager::Initialize::<lambda_1>::operator ()(enum almondnamespace::core::ContextType,int) const) - Deferring SDL init to render thread. host=0x5004f2
2026-02-07 07:45:10 [WARN] [Context.Multiplexer.Win] (aengine.context.multiplexer.win.cpp:794 void __cdecl almondnamespace::core::MultiContextManager::Initialize::<lambda_1>::operator ()(enum almondnamespace::core::ContextType,int) const) - Deferring Vulkan init to render thread. host=0x5a0852
2026-02-07 07:45:10 [WARN] [Context.Multiplexer.Win] (aengine.context.multiplexer.win.cpp:743 void __cdecl almondnamespace::core::MultiContextManager::Initialize::<lambda_1>::operator ()(enum almondnamespace::core::ContextType,int) const) - Running OpenGL init for hwnd=0x2304d0
2026-02-07 07:45:10 [WARN] [Context.Multiplexer.Win] (aengine.context.multiplexer.win.cpp:761 void __cdecl almondnamespace::core::MultiContextManager::Initialize::<lambda_1>::operator ()(enum almondnamespace::core::ContextType,int) const) - Initializing Software renderer for hwnd=0xd50272
2026-02-07 07:45:10 [WARN] [Context.Multiplexer.Win] (aengine.context.multiplexer.win.cpp:803 void __cdecl almondnamespace::core::MultiContextManager::Initialize::<lambda_1>::operator ()(enum almondnamespace::core::ContextType,int) const) - Deferring SFML init to render thread. host=0x7a04c8
2026-02-07 07:45:10 [WARN] [Context.Multiplexer.Win] (aengine.context.multiplexer.win.cpp:1251 void __cdecl almondnamespace::core::MultiContextManager::RenderLoop(struct almondnamespace::core::WindowData &)) - Raylib init. host=0x42105c
2026-02-07 07:45:10 [WARN] [Context.Multiplexer.Win] (aengine.context.multiplexer.win.cpp:1214 void __cdecl almondnamespace::core::MultiContextManager::RenderLoop(struct almondnamespace::core::WindowData &)) - SDL init. host=0x5004f2
2026-02-07 07:45:10 [WARN] [Context.Multiplexer.Win] (aengine.context.multiplexer.win.cpp:1231 void __cdecl almondnamespace::core::MultiContextManager::RenderLoop(struct almondnamespace::core::WindowData &)) - SFML init. host=0x7a04c8
2026-02-07 07:45:11 [ERROR] [Context.Multiplexer.Win] (aengine.context.multiplexer.win.cpp:1294 void __cdecl almondnamespace::core::MultiContextManager::RenderLoop(struct almondnamespace::core::WindowData &)) - Backend init failed for Vulkan. Keeping window alive with no-op process.
2026-02-07 07:46:02 [WARN] [Context.Multiplexer.Win] (aengine.context.multiplexer.win.cpp:541 bool __cdecl almondnamespace::core::MultiContextManager::Initialize(struct HINSTANCE__ *,int,int,int,int,int,int,bool)) - GLAD loaded on dummy context
2026-02-07 07:46:02 [WARN] [Context.Multiplexer.Win] (aengine.context.multiplexer.win.cpp:776 void __cdecl almondnamespace::core::MultiContextManager::Initialize::<lambda_1>::operator ()(enum almondnamespace::core::ContextType,int) const) - Deferring Raylib init to render thread. host=0x5b0392
2026-02-07 07:46:02 [WARN] [Context.Multiplexer.Win] (aengine.context.multiplexer.win.cpp:785 void __cdecl almondnamespace::core::MultiContextManager::Initialize::<lambda_1>::operator ()(enum almondnamespace::core::ContextType,int) const) - Deferring SDL init to render thread. host=0x77035e
2026-02-07 07:46:02 [WARN] [Context.Multiplexer.Win] (aengine.context.multiplexer.win.cpp:794 void __cdecl almondnamespace::core::MultiContextManager::Initialize::<lambda_1>::operator ()(enum almondnamespace::core::ContextType,int) const) - Deferring Vulkan init to render thread. host=0xe50466
2026-02-07 07:46:02 [WARN] [Context.Multiplexer.Win] (aengine.context.multiplexer.win.cpp:743 void __cdecl almondnamespace::core::MultiContextManager::Initialize::<lambda_1>::operator ()(enum almondnamespace::core::ContextType,int) const) - Running OpenGL init for hwnd=0x3901ee
2026-02-07 07:46:02 [WARN] [Context.Multiplexer.Win] (aengine.context.multiplexer.win.cpp:761 void __cdecl almondnamespace::core::MultiContextManager::Initialize::<lambda_1>::operator ()(enum almondnamespace::core::ContextType,int) const) - Initializing Software renderer for hwnd=0x960138
2026-02-07 07:46:02 [WARN] [Context.Multiplexer.Win] (aengine.context.multiplexer.win.cpp:803 void __cdecl almondnamespace::core::MultiContextManager::Initialize::<lambda_1>::operator ()(enum almondnamespace::core::ContextType,int) const) - Deferring SFML init to render thread. host=0x8f02ce
2026-02-07 07:46:02 [WARN] [Context.Multiplexer.Win] (aengine.context.multiplexer.win.cpp:1214 void __cdecl almondnamespace::core::MultiContextManager::RenderLoop(struct almondnamespace::core::WindowData &)) - SDL init. host=0x77035e
2026-02-07 07:46:02 [WARN] [Context.Multiplexer.Win] (aengine.context.multiplexer.win.cpp:1231 void __cdecl almondnamespace::core::MultiContextManager::RenderLoop(struct almondnamespace::core::WindowData &)) - SFML init. host=0x8f02ce
2026-02-07 07:46:02 [WARN] [Context.Multiplexer.Win] (aengine.context.multiplexer.win.cpp:1251 void __cdecl almondnamespace::core::MultiContextManager::RenderLoop(struct almondnamespace::core::WindowData &)) - Raylib init. host=0x5b0392
2026-02-07 07:46:02 [ERROR] [Context.Multiplexer.Win] (aengine.context.multiplexer.win.cpp:1294 void __cdecl almondnamespace::core::MultiContextManager::RenderLoop(struct almondnamespace::core::WindowData &)) - Backend init failed for Vulkan. Keeping window alive with no-op process.
2026-02-07 07:52:06 [WARN] [Context.Multiplexer.Win] (aengine.context.multiplexer.win.cpp:541 bool __cdecl almondnamespace::core::MultiContextManager::Initialize(struct HINSTANCE__ *,int,int,int,int,int,int,bool)) - GLAD loaded on dummy context
2026-02-07 07:52:06 [WARN] [Context.Multiplexer.Win] (aengine.context.multiplexer.win.cpp:776 void __cdecl almondnamespace::core::MultiContextManager::Initialize::<lambda_1>::operator ()(enum almondnamespace::core::ContextType,int) const) - Deferring Raylib init to render thread. host=0x5302ba
2026-02-07 07:52:06 [WARN] [Context.Multiplexer.Win] (aengine.context.multiplexer.win.cpp:785 void __cdecl almondnamespace::core::MultiContextManager::Initialize::<lambda_1>::operator ()(enum almondnamespace::core::ContextType,int) const) - Deferring SDL init to render thread. host=0x8907ea
2026-02-07 07:52:06 [WARN] [Context.Multiplexer.Win] (aengine.context.multiplexer.win.cpp:794 void __cdecl almondnamespace::core::MultiContextManager::Initialize::<lambda_1>::operator ()(enum almondnamespace::core::ContextType,int) const) - Deferring Vulkan init to render thread. host=0x9106f0
2026-02-07 07:52:06 [WARN] [Context.Multiplexer.Win] (aengine.context.multiplexer.win.cpp:743 void __cdecl almondnamespace::core::MultiContextManager::Initialize::<lambda_1>::operator ()(enum almondnamespace::core::ContextType,int) const) - Running OpenGL init for hwnd=0xcb045c
2026-02-07 07:52:06 [WARN] [Context.Multiplexer.Win] (aengine.context.multiplexer.win.cpp:761 void __cdecl almondnamespace::core::MultiContextManager::Initialize::<lambda_1>::operator ()(enum almondnamespace::core::ContextType,int) const) - Initializing Software renderer for hwnd=0x1803d8
2026-02-07 07:52:06 [WARN] [Context.Multiplexer.Win] (aengine.context.multiplexer.win.cpp:803 void __cdecl almondnamespace::core::MultiContextManager::Initialize::<lambda_1>::operator ()(enum almondnamespace::core::ContextType,int) const) - Deferring SFML init to render thread. host=0x7d0326
2026-02-07 07:52:06 [WARN] [Context.Multiplexer.Win] (aengine.context.multiplexer.win.cpp:1251 void __cdecl almondnamespace::core::MultiContextManager::RenderLoop(struct almondnamespace::core::WindowData &)) - Raylib init. host=0x5302ba
2026-02-07 07:52:06 [WARN] [Context.Multiplexer.Win] (aengine.context.multiplexer.win.cpp:1214 void __cdecl almondnamespace::core::MultiContextManager::RenderLoop(struct almondnamespace::core::WindowData &)) - SDL init. host=0x8907ea
2026-02-07 07:52:06 [WARN] [Context.Multiplexer.Win] (aengine.context.multiplexer.win.cpp:1231 void __cdecl almondnamespace::core::MultiContextManager::RenderLoop(struct almondnamespace::core::WindowData &)) - SFML init. host=0x7d0326
2026-02-07 07:52:06 [ERROR] [Context.Multiplexer.Win] (aengine.context.multiplexer.win.cpp:1294 void __cdecl almondnamespace::core::MultiContextManager::RenderLoop(struct almondnamespace::core::WindowData &)) - Backend init failed for Vulkan. Keeping window alive with no-op process.
